{"level":"info","message":"Máy chủ đang chạy development trên cổng 5000","service":"food-tracking-service","timestamp":"2025-04-16 04:59:40"}
{"level":"warn","message":"404 - Không tìm thấy - / - / - GET - ::1","service":"food-tracking-service","timestamp":"2025-04-16 04:59:52"}
{"level":"warn","message":"404 - Không tìm thấy - /favicon.ico - /favicon.ico - GET - ::1","service":"food-tracking-service","timestamp":"2025-04-16 04:59:52"}
{"level":"error","message":"Lỗi kết nối MongoDB: connect ECONNREFUSED ::1:27017, connect ECONNREFUSED 127.0.0.1:27017","service":"food-tracking-service","timestamp":"2025-04-16 05:00:10"}
{"level":"info","message":"Máy chủ đang chạy development trên cổng 5000","service":"food-tracking-service","timestamp":"2025-04-16 05:02:32"}
{"level":"info","message":"MongoDB Connected: localhost","service":"food-tracking-service","timestamp":"2025-04-16 05:02:32"}
{"level":"warn","message":"404 - Không tìm thấy - /favicon.ico - /favicon.ico - GET - ::1","service":"food-tracking-service","timestamp":"2025-04-16 05:02:49"}
{"level":"info","message":"Máy chủ đang chạy development trên cổng 5000","service":"food-tracking-service","timestamp":"2025-04-16 05:35:04"}
{"level":"info","message":"MongoDB Connected: localhost","service":"food-tracking-service","timestamp":"2025-04-16 05:35:04"}
{"level":"error","message":"500 - User validation failed: password: Mật khẩu ít nhất 6 ký tự - /api/auth/register - POST - ::1","service":"food-tracking-service","timestamp":"2025-04-16 05:35:47"}
{"level":"error","message":"ValidationError: User validation failed: password: Mật khẩu ít nhất 6 ký tự\n    at Document.invalidate (D:\\foodtrace\\backend\\node_modules\\mongoose\\lib\\document.js:3351:32)\n    at D:\\foodtrace\\backend\\node_modules\\mongoose\\lib\\document.js:3112:17\n    at D:\\foodtrace\\backend\\node_modules\\mongoose\\lib\\schemaType.js:1407:9\n    at process.processTicksAndRejections (node:internal/process/task_queues:85:11)","service":"food-tracking-service","timestamp":"2025-04-16 05:35:47"}
{"level":"error","message":"500 - \"expiresIn\" should be a number of seconds or string representing a timespan - /api/auth/register - POST - ::1","service":"food-tracking-service","timestamp":"2025-04-16 05:35:59"}
{"level":"error","message":"Error: \"expiresIn\" should be a number of seconds or string representing a timespan\n    at D:\\foodtrace\\backend\\node_modules\\jsonwebtoken\\sign.js:56:15\n    at Array.forEach (<anonymous>)\n    at validate (D:\\foodtrace\\backend\\node_modules\\jsonwebtoken\\sign.js:47:6)\n    at validateOptions (D:\\foodtrace\\backend\\node_modules\\jsonwebtoken\\sign.js:62:10)\n    at module.exports [as sign] (D:\\foodtrace\\backend\\node_modules\\jsonwebtoken\\sign.js:171:5)\n    at UserSchema.methods.getSignedJwtToken (D:\\foodtrace\\backend\\models\\User.js:65:14)\n    at sendTokenResponse (D:\\foodtrace\\backend\\controllers\\authController.js:243:24)\n    at D:\\foodtrace\\backend\\controllers\\authController.js:52:5\n    at process.processTicksAndRejections (node:internal/process/task_queues:105:5)","service":"food-tracking-service","timestamp":"2025-04-16 05:35:59"}
{"level":"info","message":"Máy chủ đang chạy development trên cổng 5000","service":"food-tracking-service","timestamp":"2025-04-16 05:40:16"}
{"level":"info","message":"MongoDB Connected: localhost","service":"food-tracking-service","timestamp":"2025-04-16 05:40:16"}
{"level":"error","message":"500 - E11000 duplicate key error collection: foodtrace.users index: email_1 dup key: { email: \"kdevil12122000@gmail.com\" } - /api/auth/register - POST - ::1","service":"food-tracking-service","timestamp":"2025-04-16 05:40:48"}
{"level":"error","message":"MongoServerError: E11000 duplicate key error collection: foodtrace.users index: email_1 dup key: { email: \"kdevil12122000@gmail.com\" }\n    at InsertOneOperation.execute (D:\\foodtrace\\backend\\node_modules\\mongodb\\lib\\operations\\insert.js:51:19)\n    at process.processTicksAndRejections (node:internal/process/task_queues:105:5)\n    at async tryOperation (D:\\foodtrace\\backend\\node_modules\\mongodb\\lib\\operations\\execute_operation.js:207:20)\n    at async executeOperation (D:\\foodtrace\\backend\\node_modules\\mongodb\\lib\\operations\\execute_operation.js:75:16)\n    at async Collection.insertOne (D:\\foodtrace\\backend\\node_modules\\mongodb\\lib\\collection.js:157:16)","service":"food-tracking-service","timestamp":"2025-04-16 05:40:48"}
{"level":"error","message":"500 - \"expiresIn\" should be a number of seconds or string representing a timespan - /api/auth/register - POST - ::1","service":"food-tracking-service","timestamp":"2025-04-16 05:42:48"}
{"level":"error","message":"Error: \"expiresIn\" should be a number of seconds or string representing a timespan\n    at D:\\foodtrace\\backend\\node_modules\\jsonwebtoken\\sign.js:56:15\n    at Array.forEach (<anonymous>)\n    at validate (D:\\foodtrace\\backend\\node_modules\\jsonwebtoken\\sign.js:47:6)\n    at validateOptions (D:\\foodtrace\\backend\\node_modules\\jsonwebtoken\\sign.js:62:10)\n    at module.exports [as sign] (D:\\foodtrace\\backend\\node_modules\\jsonwebtoken\\sign.js:171:5)\n    at UserSchema.methods.getSignedJwtToken (D:\\foodtrace\\backend\\models\\User.js:65:14)\n    at sendTokenResponse (D:\\foodtrace\\backend\\controllers\\authController.js:243:24)\n    at D:\\foodtrace\\backend\\controllers\\authController.js:52:5\n    at process.processTicksAndRejections (node:internal/process/task_queues:105:5)","service":"food-tracking-service","timestamp":"2025-04-16 05:42:48"}
{"level":"info","message":"Máy chủ đang chạy development trên cổng 5000","service":"food-tracking-service","timestamp":"2025-04-16 05:52:15"}
{"level":"info","message":"MongoDB Connected: localhost","service":"food-tracking-service","timestamp":"2025-04-16 05:52:15"}
{"level":"error","message":"500 - \"expiresIn\" should be a number of seconds or string representing a timespan - /api/auth/register - POST - ::1","service":"food-tracking-service","timestamp":"2025-04-16 05:52:56"}
{"level":"error","message":"Error: \"expiresIn\" should be a number of seconds or string representing a timespan\n    at D:\\foodtrace\\backend\\node_modules\\jsonwebtoken\\sign.js:56:15\n    at Array.forEach (<anonymous>)\n    at validate (D:\\foodtrace\\backend\\node_modules\\jsonwebtoken\\sign.js:47:6)\n    at validateOptions (D:\\foodtrace\\backend\\node_modules\\jsonwebtoken\\sign.js:62:10)\n    at module.exports [as sign] (D:\\foodtrace\\backend\\node_modules\\jsonwebtoken\\sign.js:171:5)\n    at UserSchema.methods.getSignedJwtToken (D:\\foodtrace\\backend\\models\\User.js:65:14)\n    at sendTokenResponse (D:\\foodtrace\\backend\\controllers\\authController.js:250:24)\n    at D:\\foodtrace\\backend\\controllers\\authController.js:61:5\n    at process.processTicksAndRejections (node:internal/process/task_queues:105:5)","service":"food-tracking-service","timestamp":"2025-04-16 05:52:56"}
{"level":"info","message":"Máy chủ đang chạy development trên cổng 5000","service":"food-tracking-service","timestamp":"2025-04-16 05:56:18"}
{"level":"info","message":"MongoDB Connected: localhost","service":"food-tracking-service","timestamp":"2025-04-16 05:56:18"}
{"level":"info","message":"Máy chủ đang chạy development trên cổng 5000","service":"food-tracking-service","timestamp":"2025-04-16 06:01:35"}
{"level":"info","message":"MongoDB Connected: localhost","service":"food-tracking-service","timestamp":"2025-04-16 06:01:35"}
{"level":"info","message":"Máy chủ đang chạy development trên cổng 5000","service":"food-tracking-service","timestamp":"2025-04-16 06:24:43"}
{"level":"info","message":"MongoDB Connected: localhost","service":"food-tracking-service","timestamp":"2025-04-16 06:24:43"}
{"level":"warn","message":"404 - Không tìm thấy - /favicon.ico - /favicon.ico - GET - ::1","service":"food-tracking-service","timestamp":"2025-04-16 06:24:55"}
{"level":"info","message":"Máy chủ đang chạy development trên cổng 5000","service":"food-tracking-service","timestamp":"2025-04-16 13:30:21"}
{"level":"warn","message":"404 - Không tìm thấy - /favicon.ico - /favicon.ico - GET - ::1","service":"food-tracking-service","timestamp":"2025-04-16 13:30:36"}
{"level":"error","message":"Lỗi kết nối MongoDB: connect ECONNREFUSED ::1:27017, connect ECONNREFUSED 127.0.0.1:27017","service":"food-tracking-service","timestamp":"2025-04-16 13:30:51"}
{"level":"info","message":"Máy chủ đang chạy development trên cổng 5000","service":"food-tracking-service","timestamp":"2025-04-16 13:31:11"}
{"level":"error","message":"Lỗi kết nối MongoDB: connect ECONNREFUSED ::1:27017, connect ECONNREFUSED 127.0.0.1:27017","service":"food-tracking-service","timestamp":"2025-04-16 13:31:41"}
{"level":"info","message":"Máy chủ đang chạy development trên cổng 5000","service":"food-tracking-service","timestamp":"2025-04-16 13:33:56"}
{"level":"info","message":"MongoDB Connected: localhost","service":"food-tracking-service","timestamp":"2025-04-16 13:33:56"}
